<?xml version="1.0" encoding="UTF-8"?>
<testsuites>
  <testsuite name="" tests="44" assertions="76" errors="5" warnings="0" failures="0" skipped="0" time="0.230774">
    <testsuite name="Project Test Suite" tests="44" assertions="76" errors="5" warnings="0" failures="0" skipped="0" time="0.230774">
      <testsuite name="App\Card\CardHandTest" file="/home/louise/dbwebb-kurser/mvc/me/report/tests/Card/CardHandTest.php" tests="5" assertions="6" errors="0" warnings="0" failures="0" skipped="0" time="0.012515">
        <testcase name="testAddCardAndGetNumberCards" class="App\Card\CardHandTest" classname="App.Card.CardHandTest" file="/home/louise/dbwebb-kurser/mvc/me/report/tests/Card/CardHandTest.php" line="15" assertions="1" time="0.007582"/>
        <testcase name="testGetValues" class="App\Card\CardHandTest" classname="App.Card.CardHandTest" file="/home/louise/dbwebb-kurser/mvc/me/report/tests/Card/CardHandTest.php" line="27" assertions="1" time="0.000520"/>
        <testcase name="testGetSum" class="App\Card\CardHandTest" classname="App.Card.CardHandTest" file="/home/louise/dbwebb-kurser/mvc/me/report/tests/Card/CardHandTest.php" line="41" assertions="1" time="0.000653"/>
        <testcase name="testResetHand" class="App\Card\CardHandTest" classname="App.Card.CardHandTest" file="/home/louise/dbwebb-kurser/mvc/me/report/tests/Card/CardHandTest.php" line="57" assertions="2" time="0.002429"/>
        <testcase name="testGetString" class="App\Card\CardHandTest" classname="App.Card.CardHandTest" file="/home/louise/dbwebb-kurser/mvc/me/report/tests/Card/CardHandTest.php" line="70" assertions="1" time="0.001331"/>
      </testsuite>
      <testsuite name="App\Card\CardTest" file="/home/louise/dbwebb-kurser/mvc/me/report/tests/Card/CardTest.php" tests="3" assertions="8" errors="0" warnings="0" failures="0" skipped="0" time="0.003109">
        <testcase name="testGetValueAndSuit" class="App\Card\CardTest" classname="App.Card.CardTest" file="/home/louise/dbwebb-kurser/mvc/me/report/tests/Card/CardTest.php" line="15" assertions="2" time="0.001537"/>
        <testcase name="testGetValueAsNumberForFaceCards" class="App\Card\CardTest" classname="App.Card.CardTest" file="/home/louise/dbwebb-kurser/mvc/me/report/tests/Card/CardTest.php" line="27" assertions="4" time="0.000798"/>
        <testcase name="testGetValueAsNumberForNumericCards" class="App\Card\CardTest" classname="App.Card.CardTest" file="/home/louise/dbwebb-kurser/mvc/me/report/tests/Card/CardTest.php" line="43" assertions="2" time="0.000774"/>
      </testsuite>
      <testsuite name="App\Card\DeckOfCardsTest" file="/home/louise/dbwebb-kurser/mvc/me/report/tests/Card/DeckOfCardsTest.php" tests="5" assertions="14" errors="0" warnings="0" failures="0" skipped="0" time="0.134104">
        <testcase name="testDeckInitialization" class="App\Card\DeckOfCardsTest" classname="App.Card.DeckOfCardsTest" file="/home/louise/dbwebb-kurser/mvc/me/report/tests/Card/DeckOfCardsTest.php" line="15" assertions="1" time="0.002655"/>
        <testcase name="testDeckShuffle" class="App\Card\DeckOfCardsTest" classname="App.Card.DeckOfCardsTest" file="/home/louise/dbwebb-kurser/mvc/me/report/tests/Card/DeckOfCardsTest.php" line="24" assertions="2" time="0.128486"/>
        <testcase name="testDrawCard" class="App\Card\DeckOfCardsTest" classname="App.Card.DeckOfCardsTest" file="/home/louise/dbwebb-kurser/mvc/me/report/tests/Card/DeckOfCardsTest.php" line="38" assertions="2" time="0.001700"/>
        <testcase name="testDrawManyCards" class="App\Card\DeckOfCardsTest" classname="App.Card.DeckOfCardsTest" file="/home/louise/dbwebb-kurser/mvc/me/report/tests/Card/DeckOfCardsTest.php" line="51" assertions="7" time="0.000704"/>
        <testcase name="testDrawMoreCardsThanInDeck" class="App\Card\DeckOfCardsTest" classname="App.Card.DeckOfCardsTest" file="/home/louise/dbwebb-kurser/mvc/me/report/tests/Card/DeckOfCardsTest.php" line="69" assertions="2" time="0.000558"/>
      </testsuite>
      <testsuite name="App\Tests\Controller\DiceGameControllerTest" file="/home/louise/dbwebb-kurser/mvc/me/report/tests/Dice/DiceControllerTest.php" tests="5" assertions="0" errors="5" warnings="0" failures="0" skipped="0" time="0.035401">
        <testcase name="testTestRollDices_ValidNum" class="App\Tests\Controller\DiceGameControllerTest" classname="App.Tests.Controller.DiceGameControllerTest" file="/home/louise/dbwebb-kurser/mvc/me/report/tests/Dice/DiceControllerTest.php" line="35" assertions="0" time="0.030197">
          <error type="PHPUnit\Framework\MockObject\IncompatibleReturnValueException">App\Tests\Controller\DiceGameControllerTest::testTestRollDices_ValidNum
PHPUnit\Framework\MockObject\IncompatibleReturnValueException: Method addFlash may not return value of type NULL, its declared return type is "void"

/home/louise/dbwebb-kurser/mvc/me/report/tests/Dice/DiceControllerTest.php:32</error>
        </testcase>
        <testcase name="testTestRollDices_TooMany" class="App\Tests\Controller\DiceGameControllerTest" classname="App.Tests.Controller.DiceGameControllerTest" file="/home/louise/dbwebb-kurser/mvc/me/report/tests/Dice/DiceControllerTest.php" line="42" assertions="0" time="0.000715">
          <error type="PHPUnit\Framework\MockObject\IncompatibleReturnValueException">App\Tests\Controller\DiceGameControllerTest::testTestRollDices_TooMany
PHPUnit\Framework\MockObject\IncompatibleReturnValueException: Method addFlash may not return value of type NULL, its declared return type is "void"

/home/louise/dbwebb-kurser/mvc/me/report/tests/Dice/DiceControllerTest.php:32</error>
        </testcase>
        <testcase name="testInitCallback_SetsSessionAndRedirect" class="App\Tests\Controller\DiceGameControllerTest" classname="App.Tests.Controller.DiceGameControllerTest" file="/home/louise/dbwebb-kurser/mvc/me/report/tests/Dice/DiceControllerTest.php" line="49" assertions="0" time="0.001381">
          <error type="PHPUnit\Framework\MockObject\IncompatibleReturnValueException">App\Tests\Controller\DiceGameControllerTest::testInitCallback_SetsSessionAndRedirect
PHPUnit\Framework\MockObject\IncompatibleReturnValueException: Method addFlash may not return value of type NULL, its declared return type is "void"

/home/louise/dbwebb-kurser/mvc/me/report/tests/Dice/DiceControllerTest.php:32</error>
        </testcase>
        <testcase name="testRoll_WithOneResetsRound" class="App\Tests\Controller\DiceGameControllerTest" classname="App.Tests.Controller.DiceGameControllerTest" file="/home/louise/dbwebb-kurser/mvc/me/report/tests/Dice/DiceControllerTest.php" line="62" assertions="0" time="0.001826">
          <error type="PHPUnit\Framework\MockObject\IncompatibleReturnValueException">App\Tests\Controller\DiceGameControllerTest::testRoll_WithOneResetsRound
PHPUnit\Framework\MockObject\IncompatibleReturnValueException: Method addFlash may not return value of type NULL, its declared return type is "void"

/home/louise/dbwebb-kurser/mvc/me/report/tests/Dice/DiceControllerTest.php:32</error>
        </testcase>
        <testcase name="testSave_UpdatesTotalAndRedirect" class="App\Tests\Controller\DiceGameControllerTest" classname="App.Tests.Controller.DiceGameControllerTest" file="/home/louise/dbwebb-kurser/mvc/me/report/tests/Dice/DiceControllerTest.php" line="83" assertions="0" time="0.001281">
          <error type="PHPUnit\Framework\MockObject\IncompatibleReturnValueException">App\Tests\Controller\DiceGameControllerTest::testSave_UpdatesTotalAndRedirect
PHPUnit\Framework\MockObject\IncompatibleReturnValueException: Method addFlash may not return value of type NULL, its declared return type is "void"

/home/louise/dbwebb-kurser/mvc/me/report/tests/Dice/DiceControllerTest.php:32</error>
        </testcase>
      </testsuite>
      <testsuite name="App\Dice\DiceHandTest" file="/home/louise/dbwebb-kurser/mvc/me/report/tests/Dice/DiceHandTest.php" tests="1" assertions="1" errors="0" warnings="0" failures="0" skipped="0" time="0.000723">
        <testcase name="testCreateObject" class="App\Dice\DiceHandTest" classname="App.Dice.DiceHandTest" file="/home/louise/dbwebb-kurser/mvc/me/report/tests/Dice/DiceHandTest.php" line="16" assertions="1" time="0.000723"/>
      </testsuite>
      <testsuite name="App\Dice\DiceTest" file="/home/louise/dbwebb-kurser/mvc/me/report/tests/Dice/DiceTest.php" tests="1" assertions="2" errors="0" warnings="0" failures="0" skipped="0" time="0.000675">
        <testcase name="testCreateDice" class="App\Dice\DiceTest" classname="App.Dice.DiceTest" file="/home/louise/dbwebb-kurser/mvc/me/report/tests/Dice/DiceTest.php" line="16" assertions="2" time="0.000675"/>
      </testsuite>
      <testsuite name="App\Game\BankTest" file="/home/louise/dbwebb-kurser/mvc/me/report/tests/Game/BankTest.php" tests="5" assertions="8" errors="0" warnings="0" failures="0" skipped="0" time="0.007617">
        <testcase name="testDrawCard" class="App\Game\BankTest" classname="App.Game.BankTest" file="/home/louise/dbwebb-kurser/mvc/me/report/tests/Game/BankTest.php" line="18" assertions="2" time="0.003238"/>
        <testcase name="testGetHand" class="App\Game\BankTest" classname="App.Game.BankTest" file="/home/louise/dbwebb-kurser/mvc/me/report/tests/Game/BankTest.php" line="33" assertions="1" time="0.000909"/>
        <testcase name="testGetHandValue" class="App\Game\BankTest" classname="App.Game.BankTest" file="/home/louise/dbwebb-kurser/mvc/me/report/tests/Game/BankTest.php" line="44" assertions="1" time="0.001334"/>
        <testcase name="testPlayTurn" class="App\Game\BankTest" classname="App.Game.BankTest" file="/home/louise/dbwebb-kurser/mvc/me/report/tests/Game/BankTest.php" line="62" assertions="2" time="0.001220"/>
        <testcase name="testResetHand" class="App\Game\BankTest" classname="App.Game.BankTest" file="/home/louise/dbwebb-kurser/mvc/me/report/tests/Game/BankTest.php" line="83" assertions="2" time="0.000916"/>
      </testsuite>
      <testsuite name="App\Game\GameTest" file="/home/louise/dbwebb-kurser/mvc/me/report/tests/Game/GameTest.php" tests="8" assertions="12" errors="0" warnings="0" failures="0" skipped="0" time="0.010926">
        <testcase name="testPlayerDrawCard" class="App\Game\GameTest" classname="App.Game.GameTest" file="/home/louise/dbwebb-kurser/mvc/me/report/tests/Game/GameTest.php" line="18" assertions="1" time="0.003083"/>
        <testcase name="testPlayerStays" class="App\Game\GameTest" classname="App.Game.GameTest" file="/home/louise/dbwebb-kurser/mvc/me/report/tests/Game/GameTest.php" line="36" assertions="1" time="0.001495"/>
        <testcase name="testDetermineWinner" class="App\Game\GameTest" classname="App.Game.GameTest" file="/home/louise/dbwebb-kurser/mvc/me/report/tests/Game/GameTest.php" line="57" assertions="2" time="0.001268"/>
        <testcase name="testPlayerBusted" class="App\Game\GameTest" classname="App.Game.GameTest" file="/home/louise/dbwebb-kurser/mvc/me/report/tests/Game/GameTest.php" line="84" assertions="1" time="0.000710"/>
        <testcase name="testBankBusted" class="App\Game\GameTest" classname="App.Game.GameTest" file="/home/louise/dbwebb-kurser/mvc/me/report/tests/Game/GameTest.php" line="104" assertions="1" time="0.001056"/>
        <testcase name="testGetWinner" class="App\Game\GameTest" classname="App.Game.GameTest" file="/home/louise/dbwebb-kurser/mvc/me/report/tests/Game/GameTest.php" line="133" assertions="1" time="0.000957"/>
        <testcase name="testBankPlay" class="App\Game\GameTest" classname="App.Game.GameTest" file="/home/louise/dbwebb-kurser/mvc/me/report/tests/Game/GameTest.php" line="145" assertions="4" time="0.001172"/>
        <testcase name="testGetDeck" class="App\Game\GameTest" classname="App.Game.GameTest" file="/home/louise/dbwebb-kurser/mvc/me/report/tests/Game/GameTest.php" line="186" assertions="1" time="0.001186"/>
      </testsuite>
      <testsuite name="App\Game\PlayerTest" file="/home/louise/dbwebb-kurser/mvc/me/report/tests/Game/PlayerTest.php" tests="5" assertions="7" errors="0" warnings="0" failures="0" skipped="0" time="0.003000">
        <testcase name="testDrawCard" class="App\Game\PlayerTest" classname="App.Game.PlayerTest" file="/home/louise/dbwebb-kurser/mvc/me/report/tests/Game/PlayerTest.php" line="18" assertions="2" time="0.000594"/>
        <testcase name="testGetHand" class="App\Game\PlayerTest" classname="App.Game.PlayerTest" file="/home/louise/dbwebb-kurser/mvc/me/report/tests/Game/PlayerTest.php" line="33" assertions="1" time="0.000297"/>
        <testcase name="testGetHandValue" class="App\Game\PlayerTest" classname="App.Game.PlayerTest" file="/home/louise/dbwebb-kurser/mvc/me/report/tests/Game/PlayerTest.php" line="43" assertions="1" time="0.000613"/>
        <testcase name="testIsBusted" class="App\Game\PlayerTest" classname="App.Game.PlayerTest" file="/home/louise/dbwebb-kurser/mvc/me/report/tests/Game/PlayerTest.php" line="61" assertions="1" time="0.000975"/>
        <testcase name="testResetHand" class="App\Game\PlayerTest" classname="App.Game.PlayerTest" file="/home/louise/dbwebb-kurser/mvc/me/report/tests/Game/PlayerTest.php" line="81" assertions="2" time="0.000520"/>
      </testsuite>
      <testsuite name="App\Tests\Service\GameServiceTest" file="/home/louise/dbwebb-kurser/mvc/me/report/tests/Proj/GameServiceTest.php" tests="6" assertions="18" errors="0" warnings="0" failures="0" skipped="0" time="0.022704">
        <testcase name="testGetPlayer_ReturnsExistingPlayer" class="App\Tests\Service\GameServiceTest" classname="App.Tests.Service.GameServiceTest" file="/home/louise/dbwebb-kurser/mvc/me/report/tests/Proj/GameServiceTest.php" line="51" assertions="1" time="0.012998"/>
        <testcase name="testGetPlayer_CreatesNewPlayerIfNotExists" class="App\Tests\Service\GameServiceTest" classname="App.Tests.Service.GameServiceTest" file="/home/louise/dbwebb-kurser/mvc/me/report/tests/Proj/GameServiceTest.php" line="62" assertions="4" time="0.002213"/>
        <testcase name="testEnterHouse_TooEarly" class="App\Tests\Service\GameServiceTest" classname="App.Tests.Service.GameServiceTest" file="/home/louise/dbwebb-kurser/mvc/me/report/tests/Proj/GameServiceTest.php" line="75" assertions="1" time="0.002388"/>
        <testcase name="testEnterHouse_AlreadyVisited" class="App\Tests\Service\GameServiceTest" classname="App.Tests.Service.GameServiceTest" file="/home/louise/dbwebb-kurser/mvc/me/report/tests/Proj/GameServiceTest.php" line="92" assertions="1" time="0.002014"/>
        <testcase name="testMakeChoice_UpdatesPlayerAndInventory" class="App\Tests\Service\GameServiceTest" classname="App.Tests.Service.GameServiceTest" file="/home/louise/dbwebb-kurser/mvc/me/report/tests/Proj/GameServiceTest.php" line="110" assertions="5" time="0.001698"/>
        <testcase name="testCheckGameResult" class="App\Tests\Service\GameServiceTest" classname="App.Tests.Service.GameServiceTest" file="/home/louise/dbwebb-kurser/mvc/me/report/tests/Proj/GameServiceTest.php" line="135" assertions="6" time="0.001394"/>
      </testsuite>
    </testsuite>
  </testsuite>
</testsuites>
